<?xml version="1.0" encoding="UTF-8"?>
<testng-results skipped="0" failed="0" ignored="0" total="1" passed="1">
  <reporter-output>
  </reporter-output>
  <suite name="Default suite" duration-ms="14515" started-at="2021-05-16T17:26:36 IST" finished-at="2021-05-16T17:26:50 IST">
    <groups>
    </groups>
    <test name="Default test" duration-ms="14515" started-at="2021-05-16T17:26:36 IST" finished-at="2021-05-16T17:26:50 IST">
      <class name="com.vtiger.test.UsercanlogintoappusingvalidcredentialsTest">
        <test-method status="PASS" signature="userCanloginToApp()[pri:0, instance:com.vtiger.test.UsercanlogintoappusingvalidcredentialsTest@64729b1e]" name="userCanloginToApp" duration-ms="14445" started-at="2021-05-16T17:26:36 IST" finished-at="2021-05-16T17:26:50 IST">
          <reporter-output>
          </reporter-output>
        </test-method> <!-- userCanloginToApp -->
      </class> <!-- com.vtiger.test.UsercanlogintoappusingvalidcredentialsTest -->
    </test> <!-- Default test -->
  </suite> <!-- Default suite -->
</testng-results>
